<?xml version="1.0" encoding="UTF-8"?>
<!-- Generated by org.testng.reporters.JUnitReportReporter -->
<testsuite hostname="LAPTOP-GCGFFOI1" failures="0" tests="1" name="tests.LoginTest" time="8.699" errors="0" timestamp="2021-07-21T18:03:46 IST" skipped="0">
  <testcase classname="tests.LoginTest" name="Login" time="8.699"/>
  <system-out/>
</testsuite> <!-- tests.LoginTest -->
